#
# A fatal error has been detected by the Java Runtime Environment:
#
#  EXCEPTION_ACCESS_VIOLATION (0xc0000005) at pc=0x00000000509ba326, pid=5312, tid=13484
#
# JRE version: Java(TM) SE Runtime Environment (7.0_45-b18) (build 1.7.0_45-b18)
# Java VM: Java HotSpot(TM) 64-Bit Server VM (24.45-b08 mixed mode windows-amd64 compressed oops)
# Problematic frame:
# C  [nvoglv64.DLL+0x7ca326]
#
# Failed to write core dump. Minidumps are not enabled by default on client versions of Windows
#
# If you would like to submit a bug report, please visit:
#   http://bugreport.sun.com/bugreport/crash.jsp
# The crash happened outside the Java Virtual Machine in native code.
# See problematic frame for where to report the bug.
#

---------------  T H R E A D  ---------------

Current thread (0x000000000c166000):  JavaThread "AWT-EventQueue-0" [_thread_in_native, id=13484, stack(0x000000000ef00000,0x000000000f000000)]

siginfo: ExceptionCode=0xc0000005, reading address 0x0000000000000000

Registers:
RAX=0x0000000000000000, RBX=0x000000000f450000, RCX=0x0000000000000404, RDX=0x0000000000001201
RSP=0x000000000effda10, RBP=0x000000000effda80, RSI=0x0000000000000000, RDI=0x0000000000000000
R8 =0x0000000000000000, R9 =0x0000000000001201, R10=0x0000000002303064, R11=0x00000000520ff900
R12=0x0000000000000000, R13=0x000000077c0778f0, R14=0x000000000effdb98, R15=0x0000000000000404
RIP=0x00000000509ba326, EFLAGS=0x0000000000010246

Top of Stack: (sp=0x000000000effda10)
0x000000000effda10:   000000000a5ee198 000000000a5ee188
0x000000000effda20:   0000228266a37df5 000000000a60fa50
0x000000000effda30:   0000000000000005 000000005202c63f
0x000000000effda40:   000000000a60fa51 000000000c166000
0x000000000effda50:   00000000000000b9 000000077c0778f0
0x000000000effda60:   0000000000000000 00000000022f60f8
0x000000000effda70:   000000000effdb40 0000000000000000
0x000000000effda80:   000000000c166000 00000000022f60f8
0x000000000effda90:   000000000effdb40 0000000002303090
0x000000000effdaa0:   0000000000000004 000000077c0778f0
0x000000000effdab0:   0000000000000000 000000000effdc00
0x000000000effdac0:   0000000000000000 0000000000000000
0x000000000effdad0:   0000000000000000 00007ffb457f15c0
0x000000000effdae0:   000000000c166000 000000000a5ee170
0x000000000effdaf0:   00000000000000b9 000000000c166000
0x000000000effdb00:   000000000effdb00 0000000000000000 

Instructions: (pc=0x00000000509ba326)
0x00000000509ba306:   46 08 f3 0f 11 4d b4 f3 0f 10 4e 0c f3 0f 11 45
0x00000000509ba316:   b8 f3 0f 11 4d bc e8 df 4a 1d 00 e9 93 01 00 00
0x00000000509ba326:   f3 0f 10 06 f3 0f 10 4e 04 48 8d 8b 18 f1 03 00
0x00000000509ba336:   4c 8d 4d c0 f3 0f 11 45 c0 f3 0f 10 46 08 f3 0f 


Register to memory mapping:

RAX=0x0000000000000000 is an unknown value
RBX=0x000000000f450000 is an unknown value
RCX=0x0000000000000404 is an unknown value
RDX=0x0000000000001201 is an unknown value
RSP=0x000000000effda10 is pointing into the stack for thread: 0x000000000c166000
RBP=0x000000000effda80 is pointing into the stack for thread: 0x000000000c166000
RSI=0x0000000000000000 is an unknown value
RDI=0x0000000000000000 is an unknown value
R8 =0x0000000000000000 is an unknown value
R9 =0x0000000000001201 is an unknown value
R10=0x0000000002303064 is at code_begin+644 in an Interpreter codelet
method entry point (kind = native)  [0x0000000002302de0, 0x0000000002303680]  2208 bytes
R11=0x00000000520ff900 is an unknown value
R12=0x0000000000000000 is an unknown value
R13=0x000000077c0778f0 is an oop
{method} 
 - klass: {other class}
R14=0x000000000effdb98 is pointing into the stack for thread: 0x000000000c166000
R15=0x0000000000000404 is an unknown value


Stack: [0x000000000ef00000,0x000000000f000000],  sp=0x000000000effda10,  free space=1014k
Native frames: (J=compiled Java code, j=interpreted, Vv=VM code, C=native code)
C  [nvoglv64.DLL+0x7ca326]

Java frames: (J=compiled Java code, j=interpreted, Vv=VM code)
j  jogamp.opengl.gl4.GL4bcImpl.dispatch_glMaterialfv1(IILjava/lang/Object;IZJ)V+0
j  jogamp.opengl.gl4.GL4bcImpl.glMaterialfv(II[FI)V+111
j  lab2.Shape$Shapes.changeLightning([F[F[FF)V+26
j  lab2.Shape.deleteObj()V+117
j  lab2.Shape.display(Ljavax/media/opengl/GLAutoDrawable;)V+463
j  jogamp.opengl.GLDrawableHelper.displayImpl(Ljavax/media/opengl/GLAutoDrawable;)V+81
j  jogamp.opengl.GLDrawableHelper.display(Ljavax/media/opengl/GLAutoDrawable;)V+2
j  javax.media.opengl.awt.GLCanvas$9.run()V+118
j  jogamp.opengl.GLDrawableHelper.invokeGLImpl(Ljavax/media/opengl/GLDrawable;Ljavax/media/opengl/GLContext;Ljava/lang/Runnable;Ljava/lang/Runnable;)V+206
j  jogamp.opengl.GLDrawableHelper.invokeGL(Ljavax/media/opengl/GLDrawable;Ljavax/media/opengl/GLContext;Ljava/lang/Runnable;Ljava/lang/Runnable;)V+80
j  javax.media.opengl.awt.GLCanvas$10.run()V+73
j  java.awt.event.InvocationEvent.dispatch()V+11
j  java.awt.EventQueue.dispatchEventImpl(Ljava/awt/AWTEvent;Ljava/lang/Object;)V+21
j  java.awt.EventQueue.access$200(Ljava/awt/EventQueue;Ljava/awt/AWTEvent;Ljava/lang/Object;)V+3
j  java.awt.EventQueue$3.run()Ljava/lang/Void;+12
j  java.awt.EventQueue$3.run()Ljava/lang/Object;+1
v  ~StubRoutines::call_stub
j  java.security.AccessController.doPrivileged(Ljava/security/PrivilegedAction;Ljava/security/AccessControlContext;)Ljava/lang/Object;+0
j  java.security.ProtectionDomain$1.doIntersectionPrivilege(Ljava/security/PrivilegedAction;Ljava/security/AccessControlContext;Ljava/security/AccessControlContext;)Ljava/lang/Object;+28
j  java.awt.EventQueue.dispatchEvent(Ljava/awt/AWTEvent;)V+46
j  java.awt.EventDispatchThread.pumpOneEventForFilters(I)V+245
j  java.awt.EventDispatchThread.pumpEventsForFilter(ILjava/awt/Conditional;Ljava/awt/EventFilter;)V+35
j  java.awt.EventDispatchThread.pumpEventsForHierarchy(ILjava/awt/Conditional;Ljava/awt/Component;)V+11
j  java.awt.EventDispatchThread.pumpEvents(ILjava/awt/Conditional;)V+4
j  java.awt.EventDispatchThread.pumpEvents(Ljava/awt/Conditional;)V+3
j  java.awt.EventDispatchThread.run()V+9
v  ~StubRoutines::call_stub

---------------  P R O C E S S  ---------------

Java Threads: ( => current thread )
  0x00000000021f0800 JavaThread "DestroyJavaVM" [_thread_blocked, id=6340, stack(0x00000000020f0000,0x00000000021f0000)]
  0x000000000c969800 JavaThread "D3D Screen Updater" daemon [_thread_blocked, id=5676, stack(0x000000000f2a0000,0x000000000f3a0000)]
  0x000000000c969000 JavaThread "main-AWTAnimator" [_thread_blocked, id=13284, stack(0x000000000f1a0000,0x000000000f2a0000)]
  0x000000000c0d5000 JavaThread "main-SharedResourceRunner" daemon [_thread_blocked, id=6472, stack(0x000000000ce80000,0x000000000cf80000)]
=>0x000000000c166000 JavaThread "AWT-EventQueue-0" [_thread_in_native, id=13484, stack(0x000000000ef00000,0x000000000f000000)]
  0x000000000bfe6000 JavaThread "AWT-Windows" daemon [_thread_in_native, id=5820, stack(0x000000000d270000,0x000000000d370000)]
  0x000000000c2a9800 JavaThread "AWT-Shutdown" [_thread_blocked, id=5512, stack(0x000000000d170000,0x000000000d270000)]
  0x000000000c267800 JavaThread "Java2D Disposer" daemon [_thread_blocked, id=6688, stack(0x000000000d070000,0x000000000d170000)]
  0x000000000a5f1800 JavaThread "Service Thread" daemon [_thread_blocked, id=3508, stack(0x000000000bd60000,0x000000000be60000)]
  0x000000000a5e8000 JavaThread "C2 CompilerThread1" daemon [_thread_blocked, id=4728, stack(0x000000000bc60000,0x000000000bd60000)]
  0x000000000a5e3000 JavaThread "C2 CompilerThread0" daemon [_thread_blocked, id=3492, stack(0x000000000bb60000,0x000000000bc60000)]
  0x000000000a5e1800 JavaThread "Attach Listener" daemon [_thread_blocked, id=3268, stack(0x000000000ba60000,0x000000000bb60000)]
  0x000000000a5de000 JavaThread "Signal Dispatcher" daemon [_thread_blocked, id=14356, stack(0x000000000b960000,0x000000000ba60000)]
  0x000000000a5aa800 JavaThread "Finalizer" daemon [_thread_blocked, id=1648, stack(0x000000000b860000,0x000000000b960000)]
  0x000000000a5a1000 JavaThread "Reference Handler" daemon [_thread_blocked, id=5944, stack(0x000000000b760000,0x000000000b860000)]

Other Threads:
  0x000000000a59f000 VMThread [stack: 0x000000000b660000,0x000000000b760000] [id=14036]
  0x000000000a60a000 WatcherThread [stack: 0x000000000be60000,0x000000000bf60000] [id=1088]

VM state:not at safepoint (normal execution)

VM Mutex/Monitor currently owned by a thread: None

Heap
 PSYoungGen      total 38400K, used 28407K [0x00000007d5900000, 0x00000007d8380000, 0x0000000800000000)
  eden space 33280K, 85% used [0x00000007d5900000,0x00000007d74bde80,0x00000007d7980000)
  from space 5120K, 0% used [0x00000007d7e80000,0x00000007d7e80000,0x00000007d8380000)
  to   space 5120K, 0% used [0x00000007d7980000,0x00000007d7980000,0x00000007d7e80000)
 ParOldGen       total 86528K, used 0K [0x0000000780c00000, 0x0000000786080000, 0x00000007d5900000)
  object space 86528K, 0% used [0x0000000780c00000,0x0000000780c00000,0x0000000786080000)
 PSPermGen       total 21504K, used 13443K [0x000000077ba00000, 0x000000077cf00000, 0x0000000780c00000)
  object space 21504K, 62% used [0x000000077ba00000,0x000000077c720fa8,0x000000077cf00000)

Card table byte_map: [0x00000000052f0000,0x0000000005720000] byte_map_base: 0x0000000001713000

Polling page: 0x0000000001fa0000

Code Cache  [0x00000000022f0000, 0x0000000002560000, 0x00000000052f0000)
 total_blobs=819 nmethods=70 adapters=701 free_code_cache=48256Kb largest_free_block=49353152

Compilation events (10 events):
Event: 0.941 Thread 0x000000000a5e3000 nmethod 61 0x00000000023b7390 code [0x00000000023b7560, 0x00000000023b7930]
Event: 0.941 Thread 0x000000000a5e3000   65             jogamp.opengl.gl4.GL4bcImpl::glVertex3f (55 bytes)
Event: 0.942 Thread 0x000000000a5e8000 nmethod 64 0x00000000023b6950 code [0x00000000023b6b00, 0x00000000023b6e70]
Event: 0.942 Thread 0x000000000a5e3000 nmethod 65 0x00000000023bb8d0 code [0x00000000023bba60, 0x00000000023bbc88]
Event: 0.956 Thread 0x000000000a5e8000   67             jogamp.opengl.glu.GLUquadricImpl::TXTR_COORD (15 bytes)
Event: 0.956 Thread 0x000000000a5e8000 nmethod 67 0x00000000023b9ed0 code [0x00000000023ba020, 0x00000000023ba0a8]
Event: 1.126 Thread 0x000000000a5e3000   68             jogamp.opengl.glu.GLUquadricImpl::drawSphere (1207 bytes)
Event: 1.356 Thread 0x000000000a5e3000 nmethod 68 0x00000000023c8e10 code [0x00000000023c9b60, 0x00000000023d6070]
Event: 2.257 Thread 0x000000000a5e8000   70             jogamp.opengl.ProjectFloat::gluInvertMatrixf (409 bytes)
Event: 2.300 Thread 0x000000000a5e8000 nmethod 70 0x00000000023c7c10 code [0x00000000023c7da0, 0x00000000023c8a68]

GC Heap History (0 events):
No events

Deoptimization events (3 events):
Event: 0.184 Thread 0x00000000021f0800 Uncommon trap: reason=class_check action=maybe_recompile pc=0x00000000023550b4 method=java.util.Properties$LineReader.readLine()I @ 62
Event: 0.609 Thread 0x000000000c0d5000 Uncommon trap: reason=unreached action=reinterpret pc=0x000000000239f884 method=java.lang.Class.searchFields([Ljava/lang/reflect/Field;Ljava/lang/String;)Ljava/lang/reflect/Field; @ 23
Event: 0.682 Thread 0x00000000021f0800 Uncommon trap: reason=null_check action=make_not_entrant pc=0x000000000235bed8 method=java.lang.String.equals(Ljava/lang/Object;)Z @ 8

Internal exceptions (10 events):
Event: 0.721 Thread 0x000000000c969000 Threw 0x00000007d7234790 at C:\re\jdk7u45\229\hotspot\src\share\vm\prims\jvm.cpp:1244
Event: 0.722 Thread 0x000000000c969000 Threw 0x00000007d7237fb8 at C:\re\jdk7u45\229\hotspot\src\share\vm\prims\jvm.cpp:1244
Event: 0.722 Thread 0x000000000c969000 Threw 0x00000007d723a8f0 at C:\re\jdk7u45\229\hotspot\src\share\vm\prims\jvm.cpp:1244
Event: 0.733 Thread 0x000000000c166000 Threw 0x00000007d61c9188 at C:\re\jdk7u45\229\hotspot\src\share\vm\prims\jvm.cpp:1244
Event: 0.733 Thread 0x000000000c166000 Threw 0x00000007d61cae10 at C:\re\jdk7u45\229\hotspot\src\share\vm\prims\jvm.cpp:1244
Event: 0.734 Thread 0x000000000c166000 Threw 0x00000007d61cf040 at C:\re\jdk7u45\229\hotspot\src\share\vm\prims\jvm.cpp:1244
Event: 0.734 Thread 0x000000000c166000 Threw 0x00000007d61d1a48 at C:\re\jdk7u45\229\hotspot\src\share\vm\prims\jvm.cpp:1244
Event: 0.734 Thread 0x000000000c166000 Threw 0x00000007d61d46b0 at C:\re\jdk7u45\229\hotspot\src\share\vm\prims\jvm.cpp:1244
Event: 0.735 Thread 0x000000000c166000 Threw 0x00000007d61e0460 at C:\re\jdk7u45\229\hotspot\src\share\vm\prims\jvm.cpp:1244
Event: 0.737 Thread 0x000000000c166000 Threw 0x00000007d61eb080 at C:\re\jdk7u45\229\hotspot\src\share\vm\prims\jvm.cpp:1244

Events (10 events):
Event: 1.510 loading class 0x000000000c1fdaa0
Event: 1.510 loading class 0x000000000c1fdaa0 done
Event: 1.510 loading class 0x000000000c1fda30 done
Event: 1.510 loading class 0x000000000ca64b70 done
Event: 3.102 loading class 0x000000000c0397f0
Event: 3.102 loading class 0x000000000c039920
Event: 3.102 loading class 0x000000000c039920 done
Event: 3.102 loading class 0x000000000c0397f0 done
Event: 3.107 loading class 0x000000000c8c0dc0
Event: 3.108 loading class 0x000000000c8c0dc0 done


Dynamic libraries:
0x00007ff6a0b50000 - 0x00007ff6a0b83000 	C:\Program Files\Java\jre7\bin\javaw.exe
0x00007ffb52780000 - 0x00007ffb52929000 	C:\Windows\SYSTEM32\ntdll.dll
0x00007ffb502e0000 - 0x00007ffb50419000 	C:\Windows\system32\KERNEL32.DLL
0x00007ffb4fe00000 - 0x00007ffb4ff0e000 	C:\Windows\system32\KERNELBASE.dll
0x00007ffb4e710000 - 0x00007ffb4e79b000 	C:\Windows\system32\apphelp.dll
0x00007ffb49310000 - 0x00007ffb4935f000 	C:\Windows\AppPatch\AppPatch64\AcGenral.DLL
0x00007ffb50430000 - 0x00007ffb504d7000 	C:\Windows\system32\msvcrt.dll
0x00007ffb4f9b0000 - 0x00007ffb4f9db000 	C:\Windows\SYSTEM32\SspiCli.dll
0x00007ffb50660000 - 0x00007ffb506b1000 	C:\Windows\system32\SHLWAPI.dll
0x00007ffb504e0000 - 0x00007ffb50651000 	C:\Windows\system32\USER32.dll
0x00007ffb50150000 - 0x00007ffb502c6000 	C:\Windows\system32\ole32.dll
0x00007ffb50d90000 - 0x00007ffb5219f000 	C:\Windows\system32\SHELL32.dll
0x00007ffb4f190000 - 0x00007ffb4f1af000 	C:\Windows\SYSTEM32\USERENV.dll
0x00007ffb525b0000 - 0x00007ffb52655000 	C:\Windows\system32\ADVAPI32.dll
0x00007ffb48440000 - 0x00007ffb4845b000 	C:\Windows\SYSTEM32\MPR.dll
0x00007ffb50010000 - 0x00007ffb50146000 	C:\Windows\system32\RPCRT4.dll
0x00007ffb508d0000 - 0x00007ffb50927000 	C:\Windows\SYSTEM32\sechost.dll
0x00007ffb509e0000 - 0x00007ffb50bb7000 	C:\Windows\SYSTEM32\combase.dll
0x00007ffb50bc0000 - 0x00007ffb50d05000 	C:\Windows\system32\GDI32.dll
0x00007ffb4fb00000 - 0x00007ffb4fb14000 	C:\Windows\SYSTEM32\profapi.dll
0x00007ffb4e660000 - 0x00007ffb4e701000 	C:\Windows\SYSTEM32\SHCORE.dll
0x00007ffb52420000 - 0x00007ffb52454000 	C:\Windows\system32\IMM32.DLL
0x00007ffb52470000 - 0x00007ffb525a8000 	C:\Windows\system32\MSCTF.dll
0x00007ffb4d930000 - 0x00007ffb4db8a000 	C:\Windows\WinSxS\amd64_microsoft.windows.common-controls_6595b64144ccf1df_6.0.9600.16384_none_62475f7becb72503\COMCTL32.dll
0x0000000052b10000 - 0x0000000052be2000 	C:\Program Files\Java\jre7\bin\msvcr100.dll
0x0000000051f20000 - 0x00000000526e9000 	C:\Program Files\Java\jre7\bin\server\jvm.dll
0x00007ffb4a440000 - 0x00007ffb4a449000 	C:\Windows\SYSTEM32\WSOCK32.dll
0x00007ffb4d510000 - 0x00007ffb4d52f000 	C:\Windows\SYSTEM32\WINMM.dll
0x00007ffb52460000 - 0x00007ffb52467000 	C:\Windows\system32\PSAPI.DLL
0x00007ffb506d0000 - 0x00007ffb50728000 	C:\Windows\system32\WS2_32.dll
0x00007ffb4d420000 - 0x00007ffb4d44a000 	C:\Windows\SYSTEM32\WINMMBASE.dll
0x00007ffb502d0000 - 0x00007ffb502d9000 	C:\Windows\system32\NSI.dll
0x00007ffb4fbd0000 - 0x00007ffb4fc1a000 	C:\Windows\SYSTEM32\cfgmgr32.dll
0x00007ffb4e980000 - 0x00007ffb4e9a6000 	C:\Windows\SYSTEM32\DEVOBJ.dll
0x0000000052b00000 - 0x0000000052b0f000 	C:\Program Files\Java\jre7\bin\verify.dll
0x0000000052ad0000 - 0x0000000052af8000 	C:\Program Files\Java\jre7\bin\java.dll
0x0000000052ab0000 - 0x0000000052ac5000 	C:\Program Files\Java\jre7\bin\zip.dll
0x00007ffb4f490000 - 0x00007ffb4f4ae000 	C:\Windows\SYSTEM32\CRYPTSP.dll
0x00007ffb4f060000 - 0x00007ffb4f095000 	C:\Windows\system32\rsaenh.dll
0x00007ffb4f6c0000 - 0x00007ffb4f6e6000 	C:\Windows\SYSTEM32\bcrypt.dll
0x00007ffb4f9e0000 - 0x00007ffb4fa3e000 	C:\Windows\system32\bcryptprimitives.dll
0x00007ffb4fa40000 - 0x00007ffb4fa4a000 	C:\Windows\SYSTEM32\CRYPTBASE.dll
0x0000000052a90000 - 0x0000000052aa9000 	C:\Program Files\Java\jre7\bin\net.dll
0x00007ffb4f430000 - 0x00007ffb4f488000 	C:\Windows\system32\mswsock.dll
0x00007ffb43b90000 - 0x00007ffb43ba4000 	C:\Windows\system32\napinsp.dll
0x00007ffb43bb0000 - 0x00007ffb43bc9000 	C:\Windows\system32\pnrpnsp.dll
0x00007ffb4aaa0000 - 0x00007ffb4aab9000 	C:\Windows\system32\NLAapi.dll
0x00007ffb4f240000 - 0x00007ffb4f2e3000 	C:\Windows\SYSTEM32\DNSAPI.dll
0x00007ffb43c10000 - 0x00007ffb43c1c000 	C:\Windows\System32\winrnr.dll
0x0000000052ef0000 - 0x0000000052f16000 	C:\Program Files\Bonjour\mdnsNSP.dll
0x00007ffb49a00000 - 0x00007ffb49a29000 	C:\Windows\SYSTEM32\Iphlpapi.DLL
0x00007ffb49dd0000 - 0x00007ffb49dda000 	C:\Windows\SYSTEM32\WINNSI.DLL
0x00007ffb45e50000 - 0x00007ffb45e59000 	C:\Windows\System32\rasadhlp.dll
0x00007ffb496e0000 - 0x00007ffb49747000 	C:\Windows\System32\fwpuclnt.dll
0x0000000052a70000 - 0x0000000052a81000 	C:\Program Files\Java\jre7\bin\nio.dll
0x00000000637c0000 - 0x00000000637cd000 	C:\Users\Jaam\AppData\Local\Temp\jogamp_0000\file_cache\jln3296012980344497625\jln8732134789030214549\gluegen-rt.dll
0x00000000528d0000 - 0x0000000052a65000 	C:\Program Files\Java\jre7\bin\awt.dll
0x00007ffb526c0000 - 0x00007ffb52777000 	C:\Windows\system32\OLEAUT32.dll
0x00007ffb4e800000 - 0x00007ffb4e922000 	C:\Windows\system32\uxtheme.dll
0x00007ffb4df40000 - 0x00007ffb4df61000 	C:\Windows\system32\dwmapi.dll
0x00007ffb4e9d0000 - 0x00007ffb4e9da000 	C:\Windows\SYSTEM32\kernel.appcore.dll
0x00000000528c0000 - 0x00000000528c7000 	C:\Program Files\Java\jre7\bin\jawt.dll
0x000000006a440000 - 0x000000006a44d000 	C:\Users\Jaam\AppData\Local\Temp\jogamp_0000\file_cache\jln3296012980344497625\jln8732134789030214549\nativewindow_awt.dll
0x00007ffb47ce0000 - 0x00007ffb47eea000 	C:\Windows\system32\d3d9.dll
0x00007ffb4d530000 - 0x00007ffb4d53a000 	C:\Windows\SYSTEM32\VERSION.dll
0x00007ffb35b50000 - 0x00007ffb36ca7000 	C:\Windows\SYSTEM32\nvd3dumx.dll
0x0000000180000000 - 0x0000000180114000 	C:\Windows\system32\nvspcap64.dll
0x00007ffb4f1b0000 - 0x00007ffb4f1f5000 	C:\Windows\system32\powrprof.dll
0x00007ffb4b9d0000 - 0x00007ffb4bb33000 	C:\Program Files (x86)\NVIDIA Corporation\3D Vision\nvSCPAPI64.dll
0x00007ffb52240000 - 0x00007ffb52416000 	C:\Windows\system32\SETUPAPI.dll
0x00007ffb4bd00000 - 0x00007ffb4c014000 	C:\Windows\SYSTEM32\nvapi64.dll
0x00007ffb4ff10000 - 0x00007ffb4ff5e000 	C:\Windows\system32\WINTRUST.dll
0x00007ffb4fc20000 - 0x00007ffb4fdf7000 	C:\Windows\system32\CRYPT32.dll
0x00007ffb4fbb0000 - 0x00007ffb4fbc2000 	C:\Windows\system32\MSASN1.dll
0x00007ffb4d8b0000 - 0x00007ffb4d92f000 	C:\Windows\system32\dxgi.dll
0x000000006c100000 - 0x000000006c10f000 	C:\Users\Jaam\AppData\Local\Temp\jogamp_0000\file_cache\jln3296012980344497625\jln8732134789030214549\nativewindow_win32.dll
0x00007ffb45710000 - 0x00007ffb45831000 	C:\Windows\SYSTEM32\OpenGL32.dll
0x00007ffb45680000 - 0x00007ffb456ac000 	C:\Windows\SYSTEM32\GLU32.dll
0x00007ffb3cad0000 - 0x00007ffb3cbc4000 	C:\Windows\SYSTEM32\DDRAW.dll
0x00007ffb48c30000 - 0x00007ffb48c39000 	C:\Windows\SYSTEM32\DCIMAN32.dll
0x0000000064500000 - 0x00000000645a0000 	C:\Users\Jaam\AppData\Local\Temp\jogamp_0000\file_cache\jln3296012980344497625\jln8732134789030214549\jogl_desktop.dll
0x00000000501f0000 - 0x0000000051f1d000 	C:\Windows\SYSTEM32\nvoglv64.DLL
0x00007ffb493b0000 - 0x00007ffb493e0000 	C:\Windows\SYSTEM32\ntmarta.dll
0x00000000501a0000 - 0x00000000501e6000 	C:\Program Files\Java\jre7\bin\fontmanager.dll
0x00007ffb42b50000 - 0x00007ffb42cd8000 	C:\Windows\SYSTEM32\dbghelp.dll

VM Arguments:
jvm_args: -Dfile.encoding=Cp1252 
java_command: lab2.Shape
Launcher Type: SUN_STANDARD

Environment Variables:
PATH=C:\Program Files (x86)\NVIDIA Corporation\PhysX\Common;C:\Program Files (x86)\Intel\iCLS Client\;C:\Program Files\Intel\iCLS Client\;C:\Windows\system32;C:\Windows;C:\Windows\System32\Wbem;C:\Windows\System32\WindowsPowerShell\v1.0\;C:\Program Files\Intel\Intel(R) Management Engine Components\DAL;C:\Program Files\Intel\Intel(R) Management Engine Components\IPT;C:\Program Files (x86)\Intel\Intel(R) Management Engine Components\DAL;C:\Program Files (x86)\Intel\Intel(R) Management Engine Components\IPT
USERNAME=Jaam
OS=Windows_NT
PROCESSOR_IDENTIFIER=Intel64 Family 6 Model 60 Stepping 3, GenuineIntel



---------------  S Y S T E M  ---------------

OS: Windows 8 , 64 bit Build 9200 

CPU:total 4 (4 cores per cpu, 1 threads per core) family 6 model 60 stepping 3, cmov, cx8, fxsr, mmx, sse, sse2, sse3, ssse3, sse4.1, sse4.2, popcnt, avx, avx2, aes, erms, tsc, tscinvbit

Memory: 4k page, physical 8331292k(4989024k free), swap 9642012k(5816740k free)

vm_info: Java HotSpot(TM) 64-Bit Server VM (24.45-b08) for windows-amd64 JRE (1.7.0_45-b18), built on Oct  8 2013 05:47:22 by "java_re" with unknown MS VC++:1600

time: Wed Feb 05 18:14:21 2014
elapsed time: 3 seconds

